mode: atomic
github.com/hmoragrega/reqres/inbox.go:49.37,56.2 3 0
github.com/hmoragrega/reqres/inbox.go:61.77,62.20 1 0
github.com/hmoragrega/reqres/inbox.go:65.2,66.15 2 0
github.com/hmoragrega/reqres/inbox.go:69.2,69.36 1 0
github.com/hmoragrega/reqres/inbox.go:72.2,73.16 2 0
github.com/hmoragrega/reqres/inbox.go:79.2,81.81 2 0
github.com/hmoragrega/reqres/inbox.go:85.2,85.9 1 0
github.com/hmoragrega/reqres/inbox.go:62.20,64.3 1 0
github.com/hmoragrega/reqres/inbox.go:66.15,68.3 1 0
github.com/hmoragrega/reqres/inbox.go:69.36,71.3 1 0
github.com/hmoragrega/reqres/inbox.go:73.16,75.3 1 0
github.com/hmoragrega/reqres/inbox.go:81.81,83.3 1 0
github.com/hmoragrega/reqres/inbox.go:86.20,87.24 1 0
github.com/hmoragrega/reqres/inbox.go:88.18,89.18 1 0
github.com/hmoragrega/reqres/inbox.go:93.50,95.15 2 0
github.com/hmoragrega/reqres/inbox.go:99.2,103.9 4 0
github.com/hmoragrega/reqres/inbox.go:95.15,98.3 2 0
github.com/hmoragrega/reqres/inbox.go:104.20,105.19 1 0
github.com/hmoragrega/reqres/inbox.go:106.16,107.13 1 0
github.com/hmoragrega/reqres/inbox.go:113.29,123.12 8 0
github.com/hmoragrega/reqres/inbox.go:123.12,124.16 1 0
github.com/hmoragrega/reqres/inbox.go:127.3,127.7 1 0
github.com/hmoragrega/reqres/inbox.go:124.16,126.4 1 0
github.com/hmoragrega/reqres/inbox.go:127.7,128.11 1 0
github.com/hmoragrega/reqres/inbox.go:129.22,130.11 1 0
github.com/hmoragrega/reqres/inbox.go:146.55,150.8 4 0
github.com/hmoragrega/reqres/inbox.go:154.2,154.14 1 0
github.com/hmoragrega/reqres/inbox.go:150.8,152.3 1 0
github.com/hmoragrega/reqres/inbox.go:157.33,161.16 3 0
github.com/hmoragrega/reqres/inbox.go:164.2,164.15 1 0
github.com/hmoragrega/reqres/inbox.go:168.2,168.12 1 0
github.com/hmoragrega/reqres/inbox.go:161.16,163.3 1 0
github.com/hmoragrega/reqres/inbox.go:164.15,166.3 1 0
github.com/hmoragrega/reqres/inbox.go:173.60,177.33 3 0
github.com/hmoragrega/reqres/inbox.go:181.2,184.15 3 0
github.com/hmoragrega/reqres/inbox.go:177.33,179.3 1 0
github.com/hmoragrega/reqres/inbox.go:187.35,191.2 3 0
github.com/hmoragrega/reqres/worker/pool.go:51.38,53.2 1 7
github.com/hmoragrega/reqres/worker/pool.go:55.64,57.18 1 16
github.com/hmoragrega/reqres/worker/pool.go:60.2,60.22 1 16
github.com/hmoragrega/reqres/worker/pool.go:65.2,65.17 1 16
github.com/hmoragrega/reqres/worker/pool.go:68.2,68.39 1 15
github.com/hmoragrega/reqres/worker/pool.go:71.2,71.27 1 14
github.com/hmoragrega/reqres/worker/pool.go:75.2,80.15 2 14
github.com/hmoragrega/reqres/worker/pool.go:57.18,59.3 1 13
github.com/hmoragrega/reqres/worker/pool.go:60.22,62.3 1 14
github.com/hmoragrega/reqres/worker/pool.go:65.17,67.3 1 1
github.com/hmoragrega/reqres/worker/pool.go:68.39,70.3 1 1
github.com/hmoragrega/reqres/worker/pool.go:71.27,73.3 1 0
github.com/hmoragrega/reqres/worker/pool.go:83.37,84.16 1 12
github.com/hmoragrega/reqres/worker/pool.go:87.2,87.10 1 12
github.com/hmoragrega/reqres/worker/pool.go:84.16,85.13 1 0
github.com/hmoragrega/reqres/worker/pool.go:105.30,109.18 3 11
github.com/hmoragrega/reqres/worker/pool.go:112.2,112.14 1 11
github.com/hmoragrega/reqres/worker/pool.go:115.2,115.15 1 11
github.com/hmoragrega/reqres/worker/pool.go:118.2,120.37 2 11
github.com/hmoragrega/reqres/worker/pool.go:124.2,124.12 1 11
github.com/hmoragrega/reqres/worker/pool.go:109.18,111.3 1 0
github.com/hmoragrega/reqres/worker/pool.go:112.14,114.3 1 0
github.com/hmoragrega/reqres/worker/pool.go:115.15,117.3 1 0
github.com/hmoragrega/reqres/worker/pool.go:120.37,122.3 1 17
github.com/hmoragrega/reqres/worker/pool.go:128.29,132.18 3 121
github.com/hmoragrega/reqres/worker/pool.go:135.2,135.14 1 121
github.com/hmoragrega/reqres/worker/pool.go:138.2,138.16 1 121
github.com/hmoragrega/reqres/worker/pool.go:141.2,141.51 1 121
github.com/hmoragrega/reqres/worker/pool.go:145.2,146.12 2 120
github.com/hmoragrega/reqres/worker/pool.go:132.18,134.3 1 0
github.com/hmoragrega/reqres/worker/pool.go:135.14,137.3 1 0
github.com/hmoragrega/reqres/worker/pool.go:138.16,140.3 1 0
github.com/hmoragrega/reqres/worker/pool.go:141.51,143.3 1 1
github.com/hmoragrega/reqres/worker/pool.go:157.48,161.18 3 37
github.com/hmoragrega/reqres/worker/pool.go:164.2,164.14 1 37
github.com/hmoragrega/reqres/worker/pool.go:167.2,168.26 2 37
github.com/hmoragrega/reqres/worker/pool.go:178.2,181.36 3 33
github.com/hmoragrega/reqres/worker/pool.go:185.2,185.12 1 32
github.com/hmoragrega/reqres/worker/pool.go:161.18,163.3 1 0
github.com/hmoragrega/reqres/worker/pool.go:164.14,166.3 1 0
github.com/hmoragrega/reqres/worker/pool.go:168.26,170.3 1 4
github.com/hmoragrega/reqres/worker/pool.go:181.36,183.3 1 1
github.com/hmoragrega/reqres/worker/pool.go:189.30,194.2 3 10
github.com/hmoragrega/reqres/worker/pool.go:203.49,207.18 3 12
github.com/hmoragrega/reqres/worker/pool.go:210.2,210.14 1 12
github.com/hmoragrega/reqres/worker/pool.go:215.2,218.30 3 12
github.com/hmoragrega/reqres/worker/pool.go:224.2,224.17 1 12
github.com/hmoragrega/reqres/worker/pool.go:207.18,209.3 1 0
github.com/hmoragrega/reqres/worker/pool.go:210.14,212.3 1 0
github.com/hmoragrega/reqres/worker/pool.go:218.30,220.21 2 104
github.com/hmoragrega/reqres/worker/pool.go:220.21,222.4 1 104
github.com/hmoragrega/reqres/worker/pool.go:230.62,235.2 3 5
github.com/hmoragrega/reqres/worker/pool.go:241.28,250.2 4 137
github.com/hmoragrega/reqres/worker/pool.go:259.85,264.18 2 137
github.com/hmoragrega/reqres/worker/pool.go:272.2,272.12 1 137
github.com/hmoragrega/reqres/worker/pool.go:264.18,267.3 2 118
github.com/hmoragrega/reqres/worker/pool.go:267.8,271.3 3 19
github.com/hmoragrega/reqres/worker/pool.go:272.12,273.16 1 137
github.com/hmoragrega/reqres/worker/pool.go:279.3,279.7 1 137
github.com/hmoragrega/reqres/worker/pool.go:273.16,275.21 2 134
github.com/hmoragrega/reqres/worker/pool.go:275.21,277.5 1 118
github.com/hmoragrega/reqres/worker/pool.go:279.7,280.11 1 2925
github.com/hmoragrega/reqres/worker/pool.go:281.22,282.11 1 122
github.com/hmoragrega/reqres/worker/pool.go:283.16,288.25 2 2803
github.com/hmoragrega/reqres/worker/pool.go:288.25,290.6 1 12
github.com/hmoragrega/reqres/worker/pool.go:296.50,299.9 2 137
github.com/hmoragrega/reqres/worker/pool.go:300.20,301.19 1 6
github.com/hmoragrega/reqres/worker/pool.go:302.16,303.13 1 131
