mode: atomic
github.com/hmoragrega/reqres/sender/aws/publisher.go:25.53,26.28 1 1
github.com/hmoragrega/reqres/sender/aws/publisher.go:26.28,28.3 1 1
github.com/hmoragrega/reqres/sender/aws/publisher.go:31.81,35.27 2 1
github.com/hmoragrega/reqres/sender/aws/publisher.go:38.2,38.18 1 1
github.com/hmoragrega/reqres/sender/aws/publisher.go:46.2,46.15 1 1
github.com/hmoragrega/reqres/sender/aws/publisher.go:35.27,37.3 1 1
github.com/hmoragrega/reqres/sender/aws/publisher.go:38.18,40.17 2 0
github.com/hmoragrega/reqres/sender/aws/publisher.go:43.3,43.14 1 0
github.com/hmoragrega/reqres/sender/aws/publisher.go:40.17,42.4 1 0
github.com/hmoragrega/reqres/sender/aws/publisher.go:49.64,50.16 1 0
github.com/hmoragrega/reqres/sender/aws/publisher.go:53.2,53.18 1 0
github.com/hmoragrega/reqres/sender/aws/publisher.go:50.16,51.13 1 0
github.com/hmoragrega/reqres/sender/aws/publisher.go:56.99,57.38 1 1
github.com/hmoragrega/reqres/sender/aws/publisher.go:61.2,66.16 2 1
github.com/hmoragrega/reqres/sender/aws/publisher.go:69.2,69.12 1 1
github.com/hmoragrega/reqres/sender/aws/publisher.go:57.38,59.3 1 0
github.com/hmoragrega/reqres/sender/aws/publisher.go:66.16,68.3 1 0
github.com/hmoragrega/reqres/sender/aws/publisher.go:75.34,78.2 2 1
github.com/hmoragrega/reqres/sender/aws/queue.go:17.87,21.16 2 3
github.com/hmoragrega/reqres/sender/aws/queue.go:25.2,25.27 1 3
github.com/hmoragrega/reqres/sender/aws/queue.go:21.16,23.3 1 0
github.com/hmoragrega/reqres/sender/aws/queue.go:28.76,32.16 2 3
github.com/hmoragrega/reqres/sender/aws/queue.go:35.2,35.12 1 3
github.com/hmoragrega/reqres/sender/aws/queue.go:32.16,34.3 1 0
github.com/hmoragrega/reqres/sender/aws/queue.go:38.50,39.16 1 3
github.com/hmoragrega/reqres/sender/aws/queue.go:42.2,42.10 1 3
github.com/hmoragrega/reqres/sender/aws/queue.go:39.16,40.13 1 0
github.com/hmoragrega/reqres/sender/aws/sqs.go:8.40,10.16 2 0
github.com/hmoragrega/reqres/sender/aws/sqs.go:13.2,13.27 1 0
github.com/hmoragrega/reqres/sender/aws/sqs.go:10.16,12.3 1 0
github.com/hmoragrega/reqres/sender/aws/sqs.go:16.48,17.16 1 0
github.com/hmoragrega/reqres/sender/aws/sqs.go:20.2,20.12 1 0
github.com/hmoragrega/reqres/sender/aws/sqs.go:17.16,18.13 1 0
github.com/hmoragrega/reqres/sender/aws/subscriber.go:59.55,60.29 1 2
github.com/hmoragrega/reqres/sender/aws/subscriber.go:60.29,62.3 1 2
github.com/hmoragrega/reqres/sender/aws/subscriber.go:65.67,66.29 1 1
github.com/hmoragrega/reqres/sender/aws/subscriber.go:66.29,68.3 1 1
github.com/hmoragrega/reqres/sender/aws/subscriber.go:71.84,75.27 2 2
github.com/hmoragrega/reqres/sender/aws/subscriber.go:78.2,78.18 1 2
github.com/hmoragrega/reqres/sender/aws/subscriber.go:86.2,86.15 1 2
github.com/hmoragrega/reqres/sender/aws/subscriber.go:75.27,77.3 1 3
github.com/hmoragrega/reqres/sender/aws/subscriber.go:78.18,80.17 2 0
github.com/hmoragrega/reqres/sender/aws/subscriber.go:83.3,83.14 1 0
github.com/hmoragrega/reqres/sender/aws/subscriber.go:80.17,82.4 1 0
github.com/hmoragrega/reqres/sender/aws/subscriber.go:92.67,96.18 3 2
github.com/hmoragrega/reqres/sender/aws/subscriber.go:99.2,99.22 1 2
github.com/hmoragrega/reqres/sender/aws/subscriber.go:102.2,102.15 1 2
github.com/hmoragrega/reqres/sender/aws/subscriber.go:105.2,105.15 1 2
github.com/hmoragrega/reqres/sender/aws/subscriber.go:109.2,114.16 5 2
github.com/hmoragrega/reqres/sender/aws/subscriber.go:117.2,117.34 1 2
github.com/hmoragrega/reqres/sender/aws/subscriber.go:121.2,123.24 2 2
github.com/hmoragrega/reqres/sender/aws/subscriber.go:96.18,98.3 1 0
github.com/hmoragrega/reqres/sender/aws/subscriber.go:99.22,101.3 1 0
github.com/hmoragrega/reqres/sender/aws/subscriber.go:102.15,104.3 1 0
github.com/hmoragrega/reqres/sender/aws/subscriber.go:105.15,107.3 1 0
github.com/hmoragrega/reqres/sender/aws/subscriber.go:114.16,116.3 1 0
github.com/hmoragrega/reqres/sender/aws/subscriber.go:117.34,119.3 1 0
github.com/hmoragrega/reqres/sender/aws/subscriber.go:126.84,132.35 2 2
github.com/hmoragrega/reqres/sender/aws/subscriber.go:132.35,133.22 1 9
github.com/hmoragrega/reqres/sender/aws/subscriber.go:144.3,151.39 2 9
github.com/hmoragrega/reqres/sender/aws/subscriber.go:154.3,154.17 1 9
github.com/hmoragrega/reqres/sender/aws/subscriber.go:158.3,159.17 2 1
github.com/hmoragrega/reqres/sender/aws/subscriber.go:163.3,163.53 1 1
github.com/hmoragrega/reqres/sender/aws/subscriber.go:133.22,135.29 2 9
github.com/hmoragrega/reqres/sender/aws/subscriber.go:138.4,138.17 1 9
github.com/hmoragrega/reqres/sender/aws/subscriber.go:135.29,137.5 1 7
github.com/hmoragrega/reqres/sender/aws/subscriber.go:138.17,139.31 1 9
github.com/hmoragrega/reqres/sender/aws/subscriber.go:139.31,141.6 1 7
github.com/hmoragrega/reqres/sender/aws/subscriber.go:151.39,153.4 1 0
github.com/hmoragrega/reqres/sender/aws/subscriber.go:154.17,157.4 2 8
github.com/hmoragrega/reqres/sender/aws/subscriber.go:159.17,162.4 2 0
github.com/hmoragrega/reqres/sender/aws/subscriber.go:167.83,169.16 2 1
github.com/hmoragrega/reqres/sender/aws/subscriber.go:172.2,172.37 1 1
github.com/hmoragrega/reqres/sender/aws/subscriber.go:175.2,175.12 1 1
github.com/hmoragrega/reqres/sender/aws/subscriber.go:169.16,171.3 1 0
github.com/hmoragrega/reqres/sender/aws/subscriber.go:172.37,174.3 1 0
github.com/hmoragrega/reqres/sender/aws/subscriber.go:178.126,181.29 3 1
github.com/hmoragrega/reqres/sender/aws/subscriber.go:198.2,202.16 2 1
github.com/hmoragrega/reqres/sender/aws/subscriber.go:205.2,205.26 1 1
github.com/hmoragrega/reqres/sender/aws/subscriber.go:208.2,209.31 2 0
github.com/hmoragrega/reqres/sender/aws/subscriber.go:213.2,213.20 1 0
github.com/hmoragrega/reqres/sender/aws/subscriber.go:181.29,183.10 2 1
github.com/hmoragrega/reqres/sender/aws/subscriber.go:186.3,186.67 1 1
github.com/hmoragrega/reqres/sender/aws/subscriber.go:189.3,189.75 1 1
github.com/hmoragrega/reqres/sender/aws/subscriber.go:192.3,196.50 2 1
github.com/hmoragrega/reqres/sender/aws/subscriber.go:183.10,185.4 1 0
github.com/hmoragrega/reqres/sender/aws/subscriber.go:186.67,188.4 1 0
github.com/hmoragrega/reqres/sender/aws/subscriber.go:189.75,191.4 1 0
github.com/hmoragrega/reqres/sender/aws/subscriber.go:202.16,204.3 1 0
github.com/hmoragrega/reqres/sender/aws/subscriber.go:205.26,207.3 1 1
github.com/hmoragrega/reqres/sender/aws/subscriber.go:209.31,212.3 2 0
github.com/hmoragrega/reqres/sender/aws/subscriber.go:216.54,220.15 3 2
github.com/hmoragrega/reqres/sender/aws/subscriber.go:224.2,226.16 3 2
github.com/hmoragrega/reqres/sender/aws/subscriber.go:230.2,231.12 2 2
github.com/hmoragrega/reqres/sender/aws/subscriber.go:220.15,222.3 1 0
github.com/hmoragrega/reqres/sender/aws/subscriber.go:226.16,228.3 1 0
github.com/hmoragrega/reqres/sender/aws/subscriber.go:234.67,239.2 3 2
github.com/hmoragrega/reqres/sender/aws/subscriber.go:241.40,245.16 3 5
github.com/hmoragrega/reqres/sender/aws/subscriber.go:249.2,249.22 1 5
github.com/hmoragrega/reqres/sender/aws/subscriber.go:245.16,247.3 1 0
github.com/hmoragrega/reqres/sender/aws/subscriber.go:252.62,256.16 3 6
github.com/hmoragrega/reqres/sender/aws/subscriber.go:260.2,260.25 1 6
github.com/hmoragrega/reqres/sender/aws/subscriber.go:256.16,258.3 1 0
github.com/hmoragrega/reqres/sender/aws/message.go:30.31,32.2 1 3
github.com/hmoragrega/reqres/sender/aws/message.go:34.33,36.2 1 1
github.com/hmoragrega/reqres/sender/aws/message.go:38.50,40.2 1 0
github.com/hmoragrega/reqres/sender/aws/message.go:42.48,44.2 1 1
github.com/hmoragrega/reqres/sender/aws/message.go:46.72,48.23 2 1
github.com/hmoragrega/reqres/sender/aws/message.go:63.2,63.17 1 1
github.com/hmoragrega/reqres/sender/aws/message.go:48.23,49.51 1 1
github.com/hmoragrega/reqres/sender/aws/message.go:52.3,52.41 1 1
github.com/hmoragrega/reqres/sender/aws/message.go:55.3,61.4 1 1
github.com/hmoragrega/reqres/sender/aws/message.go:49.51,51.4 1 0
github.com/hmoragrega/reqres/sender/aws/message.go:52.41,54.4 1 0
github.com/hmoragrega/reqres/sender/aws/message.go:66.89,68.23 2 1
github.com/hmoragrega/reqres/sender/aws/message.go:76.2,76.12 1 1
github.com/hmoragrega/reqres/sender/aws/message.go:68.23,70.57 2 1
github.com/hmoragrega/reqres/sender/aws/message.go:74.3,74.13 1 1
github.com/hmoragrega/reqres/sender/aws/message.go:71.17,72.22 1 1
github.com/hmoragrega/reqres/sender/aws/message.go:79.85,81.23 2 1
github.com/hmoragrega/reqres/sender/aws/message.go:87.2,87.12 1 1
github.com/hmoragrega/reqres/sender/aws/message.go:81.23,86.3 1 1
